[backblue.gif]
[fade.gif]
[index.html]
[res.cloudinary.com/govimg/image/upload/q_80,f_auto,w_2000,h_2000,c_limit/v1610039800/5ff38d28b8d2f06ceced0bfe/Base Camp Favicon-01.png]
[use.typekit.net/weq8mkj.css]
[api.mapbox.com/mapbox-gl-js/v1.11.0/mapbox-gl.css]
[ajax.googleapis.com/ajax/libs/jquery/3.3.1/jquery.min.js]
[api.mapbox.com/mapbox-gl-js/v1.11.0/mapbox-gl.js]
[maxcdn.bootstrapcdn.com/bootstrap/3.3.7/js/bootstrap.min.js]
[governor-media.s3.amazonaws.com/5ff38d28b8d2f06ceced0bfe/assets/js/html2canvas.min.js]
[governor-media.s3.amazonaws.com/5ff38d28b8d2f06ceced0bfe/assets/js/canvas2image.min.js]
[governor-media.s3.amazonaws.com/5ff38d28b8d2f06ceced0bfe/assets/js/gov-map5313.js]
[governor-media.s3.amazonaws.com/5ff38d28b8d2f06ceced0bfe/assets/js/GovMapbox.bundle5313.js]
[governor-media.s3.amazonaws.com/5ff38d28b8d2f06ceced0bfe/assets/js/turf.min.js]
[governor-media.s3.amazonaws.com/5ff38d28b8d2f06ceced0bfe/assets/js/maps5313.js]
[translate.google.com/translate_a/elementa0d8.js]
[governor-media.s3.amazonaws.com/5ff38d28b8d2f06ceced0bfe/assets/js/jquery.main.js]
[www.google.com/recaptcha/api85f1.js]
[js.hs-scripts.com/8610298.js]
[res.cloudinary.com/govimg/image/upload/q_80,f_auto,w_2000,h_2000,c_limit/v1611870674/5ff38d28b8d2f06ceced0bfe/Base Camp Perspective Render.jpg]
[res.cloudinary.com/govimg/image/upload/q_80,f_auto,w_2000,h_2000,c_limit/v1610032454/5ff38d28b8d2f06ceced0bfe/ExteriorRendering_Front_HighQuality.jpg]
[res.cloudinary.com/govimg/image/upload/q_80,f_auto,w_2000,h_2000,c_limit/v1610490122/5ff38d28b8d2f06ceced0bfe/Gallery Images_0001_K75A1789 (3).jpg]
[res.cloudinary.com/govimg/image/upload/q_80,f_auto,w_2000,h_2000,c_limit/v1610032454/5ff38d28b8d2f06ceced0bfe/ExteriorRendering_Back_HighQuality.jpg]
[res.cloudinary.com/govimg/image/upload/q_80,f_auto,w_2000,h_2000,c_limit/v1610482545/5ff38d28b8d2f06ceced0bfe/Vert Double_0004_K75A6632.jpg]
[res.cloudinary.com/govimg/image/upload/q_80,f_auto,w_2000,h_2000,c_limit/v1610483413/5ff38d28b8d2f06ceced0bfe/BG Double3.jpg]
[res.cloudinary.com/govimg/image/upload/q_80,f_auto,w_2000,h_2000,c_limit/v1640115725/5ff38d28b8d2f06ceced0bfe/Base Camp Rendering_12-20-21.png]
[res.cloudinary.com/govimg/image/upload/q_80,f_auto,w_2000,h_2000,c_limit/v1610470957/5ff38d28b8d2f06ceced0bfe/Base Camp First Floor Plan.jpg]
[res.cloudinary.com/govimg/image/upload/q_80,f_auto,w_2000,h_2000,c_limit/v1610470957/5ff38d28b8d2f06ceced0bfe/Base Camp Second Floor Plan.jpg]
[res.cloudinary.com/govimg/image/upload/q_80,f_auto,w_2000,h_2000,c_limit/v1611068746/5ff38d28b8d2f06ceced0bfe/Things to do Image.jpg]
[res.cloudinary.com/govimg/image/upload/q_80,f_auto,w_2000,h_2000,c_limit/v1610490122/5ff38d28b8d2f06ceced0bfe/Gallery Images_0007_Background.jpg]
[res.cloudinary.com/govimg/image/upload/q_80,f_auto,w_2000,h_2000,c_limit/v1610490122/5ff38d28b8d2f06ceced0bfe/Gallery Images_0005_Background.jpg]
[res.cloudinary.com/govimg/image/upload/q_80,f_auto,w_2000,h_2000,c_limit/v1610490122/5ff38d28b8d2f06ceced0bfe/Gallery Images_0002_K75A0261 (1).jpg]
[res.cloudinary.com/govimg/image/upload/q_80,f_auto,w_2000,h_2000,c_limit/v1610490122/5ff38d28b8d2f06ceced0bfe/Gallery Images_0000_K75A3064.jpg]
[js.hsforms.net/forms/v2.js]
[basecampatbearmountain.com/index.html]
[www.googletagmanager.com/gtm5445.html]
[governor-media.s3.amazonaws.com/5ff38d28b8d2f06ceced0bfe/assets/css/bootstrap.css]
[governor-media.s3.amazonaws.com/5ff38d28b8d2f06ceced0bfe/assets/images/fancybox/fancybox_sprite.png]
[governor-media.s3.amazonaws.com/5ff38d28b8d2f06ceced0bfe/assets/images/fancybox/fancybox_loading.gif]
[governor-media.s3.amazonaws.com/5ff38d28b8d2f06ceced0bfe/assets/images/fancybox/blank.gif]
[governor-media.s3.amazonaws.com/5ff38d28b8d2f06ceced0bfe/assets/images/fancybox/fancybox_overlay.png]
[governor-media.s3.amazonaws.com/5ff38d28b8d2f06ceced0bfe/assets/images/fancybox/fancybox_sprite@2x.png]
[governor-media.s3.amazonaws.com/5ff38d28b8d2f06ceced0bfe/assets/images/fancybox/fancybox_loading@2x.gif]
[governor-media.s3.amazonaws.com/5ff38d28b8d2f06ceced0bfe/assets/css/main.css]
[use.typekit.net/af/2cd6bf/00000000000000000001008f/27/le003]
[use.typekit.net/af/2cd6bf/00000000000000000001008f/27/de003]
[use.typekit.net/af/2cd6bf/00000000000000000001008f/27/ae003]
[use.typekit.net/af/309dfe/000000000000000000010091/27/l652f]
[use.typekit.net/af/309dfe/000000000000000000010091/27/d652f]
[use.typekit.net/af/309dfe/000000000000000000010091/27/a652f]
[use.typekit.net/af/eb729a/000000000000000000010092/27/le265]
[use.typekit.net/af/eb729a/000000000000000000010092/27/de265]
[use.typekit.net/af/eb729a/000000000000000000010092/27/ae265]
[use.typekit.net/af/849347/000000000000000000010093/27/laaa3]
[use.typekit.net/af/849347/000000000000000000010093/27/daaa3]
[use.typekit.net/af/849347/000000000000000000010093/27/aaaa3]
[use.typekit.net/af/9b05f3/000000000000000000013365/27/le196]
[use.typekit.net/af/9b05f3/000000000000000000013365/27/de196]
[use.typekit.net/af/9b05f3/000000000000000000013365/27/ae196]
[use.typekit.net/af/cf3e4e/000000000000000000010095/27/lfdcc]
[use.typekit.net/af/cf3e4e/000000000000000000010095/27/dfdcc]
[use.typekit.net/af/cf3e4e/000000000000000000010095/27/afdcc]
[use.typekit.net/af/ae4f6c/000000000000000000010096/27/l3eab]
[use.typekit.net/af/ae4f6c/000000000000000000010096/27/d3eab]
[use.typekit.net/af/ae4f6c/000000000000000000010096/27/a3eab]
[use.typekit.net/af/0c71d1/000000000000000000010097/27/l7238]
[use.typekit.net/af/0c71d1/000000000000000000010097/27/d7238]
[use.typekit.net/af/0c71d1/000000000000000000010097/27/a7238]
[use.typekit.net/af/c4c302/000000000000000000012192/27/l5bba]
[use.typekit.net/af/c4c302/000000000000000000012192/27/d5bba]
[use.typekit.net/af/c4c302/000000000000000000012192/27/a5bba]
[use.typekit.net/af/6f8764/000000000000000000012039/27/le196]
[use.typekit.net/af/6f8764/000000000000000000012039/27/de196]
[use.typekit.net/af/6f8764/000000000000000000012039/27/ae196]
[use.typekit.net/af/082b7c/00000000000000000001203a/27/lfdcc]
[use.typekit.net/af/082b7c/00000000000000000001203a/27/dfdcc]
[use.typekit.net/af/64e0cf/00000000000000000001203d/27/l652f]
[use.typekit.net/af/082b7c/00000000000000000001203a/27/afdcc]
[use.typekit.net/af/64e0cf/00000000000000000001203d/27/d652f]
[use.typekit.net/af/64e0cf/00000000000000000001203d/27/a652f]
[use.typekit.net/af/e6a9c1/00000000000000000001203e/27/le265]
[use.typekit.net/af/e6a9c1/00000000000000000001203e/27/de265]
[use.typekit.net/af/e6a9c1/00000000000000000001203e/27/ae265]
[use.typekit.net/af/053fc9/00000000000000003b9af1e4/27/l652f]
[use.typekit.net/af/053fc9/00000000000000003b9af1e4/27/d652f]
[use.typekit.net/af/053fc9/00000000000000003b9af1e4/27/a652f]
[use.typekit.net/af/72575c/00000000000000003b9af1e5/27/le265]
[use.typekit.net/af/72575c/00000000000000003b9af1e5/27/de265]
[use.typekit.net/weq8mkj.css]
[api.mapbox.com/mapbox-gl-js/v1.11.0/mapbox-gl.css]
[basecampatbearmountain.com/thank-you.html]
[governor-media.s3.amazonaws.com/5ff38d28b8d2f06ceced0bfe/assets/css/images/ui-icons_444444_256x240.png]
[governor-media.s3.amazonaws.com/5ff38d28b8d2f06ceced0bfe/assets/css/images/ui-icons_555555_256x240.png]
[governor-media.s3.amazonaws.com/5ff38d28b8d2f06ceced0bfe/assets/css/images/ui-icons_ffffff_256x240.png]
[governor-media.s3.amazonaws.com/5ff38d28b8d2f06ceced0bfe/assets/css/images/ui-icons_777620_256x240.png]
[governor-media.s3.amazonaws.com/5ff38d28b8d2f06ceced0bfe/assets/css/images/ui-icons_cc0000_256x240.png]
[governor-media.s3.amazonaws.com/5ff38d28b8d2f06ceced0bfe/assets/css/images/ui-icons_777777_256x240.png]
[p.typekit.net/p9c9b.css]
[use.typekit.net/af/72575c/00000000000000003b9af1e5/27/ae265]
